<?xml version="1.0" encoding="UTF-8"?>
<robot generator="Robot 6.0.2 (Python 3.10.4 on win32)" generated="20230302 17:24:45.853" rpa="false" schemaversion="3">
<suite id="s1" name="SampleTestCase" source="C:\Users\User\Desktop\tutorials\SPA\Robot-files\pCloudy-Automation\Projects\RobotDataFiles\SampleTestCase.robot">
<test id="s1-t1" name="Open Test Application" line="19">
<kw name="Open Application" library="AppiumLibrary">
<arg>${remotePath}</arg>
<arg>pCloudy_Username=${emailId}</arg>
<arg>pCloudy_ApiKey=${apiKey}</arg>
<arg>platformName=android</arg>
<arg>pCloudy_ApplicationName=pCloudyAppiumDemo.apk</arg>
<arg>pCloudy_DeviceManafacturer=Samsung</arg>
<arg>appPackage=com.pcloudy.appiumdemo</arg>
<arg>appActivity=com.ba.mobile.LaunchActivity</arg>
<arg>automationName=uiAutomator2</arg>
<doc>Opens a new application to given Appium server.
Capabilities of appium server, Android and iOS,
Please check https://github.com/appium/appium/blob/master/docs/en/writing-running-appium/server-args.md
| *Option*            | *Man.* | *Description*     |
| remote_url          | Yes    | Appium server url |
| alias               | no     | alias             |
| strict_ssl          | No     | allows you to send commands to an invalid certificate host like a self-signed one. |</doc>
<kw name="Capture Page Screenshot" library="AppiumLibrary">
<doc>Takes a screenshot of the current page and embeds it into the log.</doc>
<msg timestamp="20230302 17:24:46.422" level="FAIL">No application is open</msg>
<status status="FAIL" starttime="20230302 17:24:46.421" endtime="20230302 17:24:46.425"/>
</kw>
<msg timestamp="20230302 17:24:46.427" level="WARN">Keyword 'Capture Page Screenshot' could not be run on failure: No application is open</msg>
<msg timestamp="20230302 17:24:46.428" level="FAIL">WebDriverException: Message: &lt;html&gt;
&lt;head&gt;
&lt;meta http-equiv="Content-Type" content="text/html;charset=ISO-8859-1"/&gt;
&lt;title&gt;Error 500 java.lang.NullPointerException&lt;/title&gt;
&lt;/head&gt;
&lt;body&gt;
&lt;h2&gt;HTTP ERROR: 500&lt;/h2&gt;
&lt;p&gt;Problem accessing /wd/hub/session. Reason:
&lt;pre&gt;    java.lang.NullPointerException&lt;/pre&gt;&lt;/p&gt;
&lt;hr /&gt;&lt;i&gt;&lt;small&gt;Powered by Jetty://&lt;/small&gt;&lt;/i&gt;
                                                
                                                
                                                
                                                
                                                
                                                
                                                
                                                
                                                
                                                
                                                
                                                
                                                
                                                
                                                
                                                
                                                
                                                
                                                
                                                
&lt;/body&gt;
&lt;/html&gt;

</msg>
<status status="FAIL" starttime="20230302 17:24:46.063" endtime="20230302 17:24:46.429"/>
</kw>
<status status="FAIL" starttime="20230302 17:24:46.063" endtime="20230302 17:24:46.429">WebDriverException: Message: &lt;html&gt;
&lt;head&gt;
&lt;meta http-equiv="Content-Type" content="text/html;charset=ISO-8859-1"/&gt;
&lt;title&gt;Error 500 java.lang.NullPointerException&lt;/title&gt;
&lt;/head&gt;
&lt;body&gt;
&lt;h2&gt;HTTP ERROR: 500&lt;/h2&gt;
&lt;p&gt;Problem accessing /wd/hub/session. Reason:
&lt;pre&gt;    java.lang.NullPointerException&lt;/pre&gt;&lt;/p&gt;
&lt;hr /&gt;&lt;i&gt;&lt;small&gt;Powered by Jetty://&lt;/small&gt;&lt;/i&gt;
                                                
                                                
                                                
                                                
                                                
                                                
                                                
                                                
                                                
                                                
                                                
                                                
                                                
                                                
                                                
                                                
                                                
                                                
                                                
                                                
&lt;/body&gt;
&lt;/html&gt;

</status>
</test>
<test id="s1-t2" name="Book A Flight" line="24">
<kw name="Click Element" library="AppiumLibrary">
<arg>id=com.pcloudy.appiumdemo:id/accept</arg>
<doc>Click element identified by `locator`.</doc>
<msg timestamp="20230302 17:24:46.438" level="INFO">Clicking element 'id=com.pcloudy.appiumdemo:id/accept'.</msg>
<kw name="Capture Page Screenshot" library="AppiumLibrary">
<doc>Takes a screenshot of the current page and embeds it into the log.</doc>
<msg timestamp="20230302 17:24:46.438" level="FAIL">No application is open</msg>
<status status="FAIL" starttime="20230302 17:24:46.438" endtime="20230302 17:24:46.440"/>
</kw>
<msg timestamp="20230302 17:24:46.441" level="WARN">Keyword 'Capture Page Screenshot' could not be run on failure: No application is open</msg>
<msg timestamp="20230302 17:24:46.443" level="FAIL">No application is open</msg>
<status status="FAIL" starttime="20230302 17:24:46.436" endtime="20230302 17:24:46.443"/>
</kw>
<kw name="Log To Console" library="BuiltIn">
<arg>Accept Button is clicked</arg>
<doc>Logs the given message to the console.</doc>
<status status="NOT RUN" starttime="20230302 17:24:46.444" endtime="20230302 17:24:46.444"/>
</kw>
<kw name="Click Element" library="AppiumLibrary">
<arg>id=com.pcloudy.appiumdemo:id/flightButton</arg>
<doc>Click element identified by `locator`.</doc>
<status status="NOT RUN" starttime="20230302 17:24:46.444" endtime="20230302 17:24:46.444"/>
</kw>
<kw name="Log To Console" library="BuiltIn">
<arg>Book a flight button clicked</arg>
<doc>Logs the given message to the console.</doc>
<status status="NOT RUN" starttime="20230302 17:24:46.445" endtime="20230302 17:24:46.445"/>
</kw>
<kw name="Click Element" library="AppiumLibrary">
<arg>id=com.pcloudy.appiumdemo:id/spinnerfrom</arg>
<doc>Click element identified by `locator`.</doc>
<status status="NOT RUN" starttime="20230302 17:24:46.445" endtime="20230302 17:24:46.446"/>
</kw>
<kw name="Log To Console" library="BuiltIn">
<arg>From location drop down is clicked</arg>
<doc>Logs the given message to the console.</doc>
<status status="NOT RUN" starttime="20230302 17:24:46.446" endtime="20230302 17:24:46.446"/>
</kw>
<kw name="Click Element" library="AppiumLibrary">
<arg>//*[@id='android:id/text1' or @text='Bangalore, India (BLR)']</arg>
<doc>Click element identified by `locator`.</doc>
<status status="NOT RUN" starttime="20230302 17:24:46.447" endtime="20230302 17:24:46.447"/>
</kw>
<kw name="Log To Console" library="BuiltIn">
<arg>From Location is selected</arg>
<doc>Logs the given message to the console.</doc>
<status status="NOT RUN" starttime="20230302 17:24:46.447" endtime="20230302 17:24:46.447"/>
</kw>
<status status="FAIL" starttime="20230302 17:24:46.435" endtime="20230302 17:24:46.447">No application is open</status>
</test>
<test id="s1-t3" name="Close All Apps" line="37">
<kw name="Close All Applications" library="AppiumLibrary">
<doc>Closes all open applications.</doc>
<status status="PASS" starttime="20230302 17:24:46.449" endtime="20230302 17:24:46.450"/>
</kw>
<status status="PASS" starttime="20230302 17:24:46.449" endtime="20230302 17:24:46.451"/>
</test>
<status status="FAIL" starttime="20230302 17:24:45.855" endtime="20230302 17:24:46.452"/>
</suite>
<statistics>
<total>
<stat pass="1" fail="2" skip="0">All Tests</stat>
</total>
<tag>
</tag>
<suite>
<stat pass="1" fail="2" skip="0" id="s1" name="SampleTestCase">SampleTestCase</stat>
</suite>
</statistics>
<errors>
<msg timestamp="20230302 17:24:46.427" level="WARN">Keyword 'Capture Page Screenshot' could not be run on failure: No application is open</msg>
<msg timestamp="20230302 17:24:46.441" level="WARN">Keyword 'Capture Page Screenshot' could not be run on failure: No application is open</msg>
</errors>
</robot>
